{"name":"Log","hostname":"Graces-MBP","pid":48944,"level":30,"msg":"Creating table: posts ","time":"2017-08-30T12:43:40.680Z","v":0}
{"name":"Log","hostname":"Graces-MBP","pid":48944,"level":30,"msg":"Creating table: users ","time":"2017-08-30T12:43:40.691Z","v":0}
{"name":"Log","hostname":"Graces-MBP","pid":48944,"level":30,"msg":"Creating table: roles ","time":"2017-08-30T12:43:40.706Z","v":0}
{"name":"Log","hostname":"Graces-MBP","pid":48944,"level":30,"msg":"Creating table: roles_users ","time":"2017-08-30T12:43:40.711Z","v":0}
{"name":"Log","hostname":"Graces-MBP","pid":48944,"level":30,"msg":"Creating table: permissions ","time":"2017-08-30T12:43:40.713Z","v":0}
{"name":"Log","hostname":"Graces-MBP","pid":48944,"level":30,"msg":"Creating table: permissions_users ","time":"2017-08-30T12:43:40.715Z","v":0}
{"name":"Log","hostname":"Graces-MBP","pid":48944,"level":30,"msg":"Creating table: permissions_roles ","time":"2017-08-30T12:43:40.718Z","v":0}
{"name":"Log","hostname":"Graces-MBP","pid":48944,"level":30,"msg":"Creating table: permissions_apps ","time":"2017-08-30T12:43:40.721Z","v":0}
{"name":"Log","hostname":"Graces-MBP","pid":48944,"level":30,"msg":"Creating table: settings ","time":"2017-08-30T12:43:40.722Z","v":0}
{"name":"Log","hostname":"Graces-MBP","pid":48944,"level":30,"msg":"Creating table: tags ","time":"2017-08-30T12:43:40.728Z","v":0}
{"name":"Log","hostname":"Graces-MBP","pid":48944,"level":30,"msg":"Creating table: posts_tags ","time":"2017-08-30T12:43:40.735Z","v":0}
{"name":"Log","hostname":"Graces-MBP","pid":48944,"level":30,"msg":"Creating table: apps ","time":"2017-08-30T12:43:40.738Z","v":0}
{"name":"Log","hostname":"Graces-MBP","pid":48944,"level":30,"msg":"Creating table: app_settings ","time":"2017-08-30T12:43:40.740Z","v":0}
{"name":"Log","hostname":"Graces-MBP","pid":48944,"level":30,"msg":"Creating table: app_fields ","time":"2017-08-30T12:43:40.751Z","v":0}
{"name":"Log","hostname":"Graces-MBP","pid":48944,"level":30,"msg":"Creating table: clients ","time":"2017-08-30T12:43:40.754Z","v":0}
{"name":"Log","hostname":"Graces-MBP","pid":48944,"level":30,"msg":"Creating table: client_trusted_domains ","time":"2017-08-30T12:43:40.760Z","v":0}
{"name":"Log","hostname":"Graces-MBP","pid":48944,"level":30,"msg":"Creating table: accesstokens ","time":"2017-08-30T12:43:40.763Z","v":0}
{"name":"Log","hostname":"Graces-MBP","pid":48944,"level":30,"msg":"Creating table: refreshtokens ","time":"2017-08-30T12:43:40.766Z","v":0}
{"name":"Log","hostname":"Graces-MBP","pid":48944,"level":30,"msg":"Creating table: subscribers ","time":"2017-08-30T12:43:40.769Z","v":0}
{"name":"Log","hostname":"Graces-MBP","pid":48944,"level":30,"msg":"Creating table: invites ","time":"2017-08-30T12:43:40.772Z","v":0}
{"name":"Log","hostname":"Graces-MBP","pid":48944,"level":30,"msg":"Creating table: brute ","time":"2017-08-30T12:43:40.774Z","v":0}
{"name":"Log","hostname":"Graces-MBP","pid":48944,"level":30,"msg":"Model: Post ","time":"2017-08-30T12:43:40.780Z","v":0}
{"name":"Log","hostname":"Graces-MBP","pid":48944,"level":30,"msg":"Model: Tag ","time":"2017-08-30T12:43:41.040Z","v":0}
{"name":"Log","hostname":"Graces-MBP","pid":48944,"level":30,"msg":"Model: Client ","time":"2017-08-30T12:43:41.053Z","v":0}
{"name":"Log","hostname":"Graces-MBP","pid":48944,"level":30,"msg":"Model: Role ","time":"2017-08-30T12:43:41.075Z","v":0}
{"name":"Log","hostname":"Graces-MBP","pid":48944,"level":30,"msg":"Model: Permission ","time":"2017-08-30T12:43:41.094Z","v":0}
{"name":"Log","hostname":"Graces-MBP","pid":48944,"level":30,"msg":"Model: User ","time":"2017-08-30T12:43:41.333Z","v":0}
{"name":"Log","hostname":"Graces-MBP","pid":48944,"level":30,"msg":"Relation: Role to Permission ","time":"2017-08-30T12:43:41.862Z","v":0}
{"name":"Log","hostname":"Graces-MBP","pid":48944,"level":30,"msg":"Relation: Post to Tag ","time":"2017-08-30T12:43:42.040Z","v":0}
{"name":"Log","hostname":"Graces-MBP","pid":48944,"level":30,"msg":"Relation: User to Role ","time":"2017-08-30T12:43:42.084Z","v":0}
{"name":"Log","hostname":"Graces-MBP","pid":48947,"level":30,"msg":"Ghost is running in development... ","time":"2017-08-30T12:43:45.457Z","v":0}
{"name":"Log","hostname":"Graces-MBP","pid":48947,"level":30,"msg":"Listening on: 127.0.0.1:2368 ","time":"2017-08-30T12:43:45.458Z","v":0}
{"name":"Log","hostname":"Graces-MBP","pid":48947,"level":30,"msg":"Url configured as: http://localhost:2368/ ","time":"2017-08-30T12:43:45.459Z","v":0}
{"name":"Log","hostname":"Graces-MBP","pid":48947,"level":30,"msg":"Ctrl+C to shut down ","time":"2017-08-30T12:43:45.460Z","v":0}
{"name":"Log","hostname":"Graces-MBP","pid":48947,"level":30,"msg":"Ghost boot 1.863s ","time":"2017-08-30T12:43:45.462Z","v":0}
{"name":"Log","hostname":"Graces-MBP","pid":48947,"level":30,"req":{"meta":{"requestId":"f2b70360-8d80-11e7-bf09-fb4c5dedd2d1","userId":null},"url":"/","method":"GET","originalUrl":"/","params":{},"headers":{"host":"localhost:2368","connection":"keep-alive","upgrade-insecure-requests":"1","user-agent":"Mozilla/5.0 (Macintosh; Intel Mac OS X 10_12_4) AppleWebKit/537.36 (KHTML, like Gecko) Chrome/60.0.3112.101 Safari/537.36","accept":"text/html,application/xhtml+xml,application/xml;q=0.9,image/webp,image/apng,*/*;q=0.8","accept-encoding":"gzip, deflate, br","accept-language":"en-US,en;q=0.8"},"body":{},"query":{}},"res":{"_headers":{"x-powered-by":"Express","cache-control":"public, max-age=0","content-type":"text/html; charset=utf-8","etag":"W/\"2fd7-Vbzx7XSBSoxd97pslA7Rm3GMHto\"","vary":"Accept-Encoding","content-encoding":"gzip"},"statusCode":200,"responseTime":"519ms"},"msg":"","time":"2017-08-30T12:44:23.074Z","v":0}
{"name":"Log","hostname":"Graces-MBP","pid":48947,"level":30,"req":{"meta":{"requestId":"f3074640-8d80-11e7-bf09-fb4c5dedd2d1","userId":null},"url":"/assets/built/screen.css?v=9a66572304","method":"GET","originalUrl":"/assets/built/screen.css?v=9a66572304","params":{},"headers":{"host":"localhost:2368","connection":"keep-alive","user-agent":"Mozilla/5.0 (Macintosh; Intel Mac OS X 10_12_4) AppleWebKit/537.36 (KHTML, like Gecko) Chrome/60.0.3112.101 Safari/537.36","accept":"text/css,*/*;q=0.1","referer":"http://localhost:2368/","accept-encoding":"gzip, deflate, br","accept-language":"en-US,en;q=0.8"},"body":{},"query":{"v":"9a66572304"}},"res":{"_headers":{"x-powered-by":"Express","accept-ranges":"bytes","cache-control":"public, max-age=0","last-modified":"Tue, 29 Aug 2017 13:21:53 GMT","etag":"W/\"7584-15e2e27c968\"","content-type":"text/css; charset=UTF-8","vary":"Accept-Encoding","content-encoding":"gzip"},"statusCode":200,"responseTime":"9ms"},"msg":"","time":"2017-08-30T12:44:23.086Z","v":0}
{"name":"Log","hostname":"Graces-MBP","pid":48947,"level":30,"req":{"meta":{"requestId":"f307e280-8d80-11e7-bf09-fb4c5dedd2d1","userId":null},"url":"/public/ghost-sdk.js?v=9a66572304","method":"GET","originalUrl":"/public/ghost-sdk.js?v=9a66572304","params":{},"headers":{"host":"localhost:2368","connection":"keep-alive","user-agent":"Mozilla/5.0 (Macintosh; Intel Mac OS X 10_12_4) AppleWebKit/537.36 (KHTML, like Gecko) Chrome/60.0.3112.101 Safari/537.36","accept":"*/*","referer":"http://localhost:2368/","accept-encoding":"gzip, deflate, br","accept-language":"en-US,en;q=0.8"},"body":{},"query":{"v":"9a66572304"}},"res":{"_headers":{"x-powered-by":"Express","content-type":"application/javascript","etag":"\"e1da20b87dd78426550fec843c75999b\"","cache-control":"public, max-age=3600","vary":"Accept-Encoding","content-encoding":"gzip"},"statusCode":200,"responseTime":"8ms"},"msg":"","time":"2017-08-30T12:44:23.089Z","v":0}
{"name":"Log","hostname":"Graces-MBP","pid":48947,"level":30,"req":{"meta":{"requestId":"f3099030-8d80-11e7-bf09-fb4c5dedd2d1","userId":null},"url":"/assets/js/jquery.fitvids.js?v=9a66572304","method":"GET","originalUrl":"/assets/js/jquery.fitvids.js?v=9a66572304","params":{},"headers":{"host":"localhost:2368","connection":"keep-alive","user-agent":"Mozilla/5.0 (Macintosh; Intel Mac OS X 10_12_4) AppleWebKit/537.36 (KHTML, like Gecko) Chrome/60.0.3112.101 Safari/537.36","accept":"*/*","referer":"http://localhost:2368/","accept-encoding":"gzip, deflate, br","accept-language":"en-US,en;q=0.8"},"body":{},"query":{"v":"9a66572304"}},"res":{"_headers":{"x-powered-by":"Express","accept-ranges":"bytes","cache-control":"public, max-age=0","last-modified":"Tue, 29 Aug 2017 13:21:53 GMT","etag":"W/\"d76-15e2e27c968\"","content-type":"application/javascript","vary":"Accept-Encoding","content-encoding":"gzip"},"statusCode":200,"responseTime":"6ms"},"msg":"","time":"2017-08-30T12:44:23.098Z","v":0}
{"name":"Log","hostname":"Graces-MBP","pid":48947,"level":30,"req":{"meta":{"requestId":"f30a0560-8d80-11e7-bf09-fb4c5dedd2d1","userId":null},"url":"/assets/js/infinitescroll.js?v=9a66572304","method":"GET","originalUrl":"/assets/js/infinitescroll.js?v=9a66572304","params":{},"headers":{"host":"localhost:2368","connection":"keep-alive","user-agent":"Mozilla/5.0 (Macintosh; Intel Mac OS X 10_12_4) AppleWebKit/537.36 (KHTML, like Gecko) Chrome/60.0.3112.101 Safari/537.36","accept":"*/*","referer":"http://localhost:2368/","accept-encoding":"gzip, deflate, br","accept-language":"en-US,en;q=0.8"},"body":{},"query":{"v":"9a66572304"}},"res":{"_headers":{"x-powered-by":"Express","accept-ranges":"bytes","cache-control":"public, max-age=0","last-modified":"Tue, 29 Aug 2017 13:21:53 GMT","etag":"W/\"8d6-15e2e27c968\"","content-type":"application/javascript","vary":"Accept-Encoding","content-encoding":"gzip"},"statusCode":200,"responseTime":"5ms"},"msg":"","time":"2017-08-30T12:44:23.100Z","v":0}
{"name":"Log","hostname":"Graces-MBP","pid":48947,"level":30,"req":{"meta":{"requestId":"f44ff2e0-8d80-11e7-bf09-fb4c5dedd2d1","userId":null},"url":"/favicon.ico","method":"GET","originalUrl":"/favicon.ico","params":{},"headers":{"host":"localhost:2368","connection":"keep-alive","user-agent":"Mozilla/5.0 (Macintosh; Intel Mac OS X 10_12_4) AppleWebKit/537.36 (KHTML, like Gecko) Chrome/60.0.3112.101 Safari/537.36","accept":"image/webp,image/apng,image/*,*/*;q=0.8","referer":"http://localhost:2368/","accept-encoding":"gzip, deflate, br","accept-language":"en-US,en;q=0.8"},"body":{},"query":{}},"res":{"_headers":{"x-powered-by":"Express","content-type":"image/x-icon","etag":"\"36e47e74810a0d8c32a77f495c49cf8e\"","cache-control":"public, max-age=86400","vary":"Accept-Encoding","content-encoding":"gzip"},"statusCode":200,"responseTime":"3ms"},"msg":"","time":"2017-08-30T12:44:25.234Z","v":0}
